This is pdfTeX, Version 3.14159265-2.6-1.40.21 (TeX Live 2020/W32TeX) (preloaded format=pdflatex 2020.10.14)  9 FEB 2021 18:46
entering extended mode
 restricted \write18 enabled.
 %&-line parsing enabled.
**main.tex
(./main.tex
LaTeX2e <2020-10-01> patch level 1
L3 programming layer <2020-10-05> xparse <2020-03-03> (./preamble.tex
(c:/texlive/2020/texmf-dist/tex/latex/base/report.cls
Document Class: report 2020/04/10 v1.4m Standard LaTeX document class
(c:/texlive/2020/texmf-dist/tex/latex/base/size11.clo
File: size11.clo 2020/04/10 v1.4m Standard LaTeX file (size option)
)
\c@part=\count175
\c@chapter=\count176
\c@section=\count177
\c@subsection=\count178
\c@subsubsection=\count179
\c@paragraph=\count180
\c@subparagraph=\count181
\c@figure=\count182
\c@table=\count183
\abovecaptionskip=\skip47
\belowcaptionskip=\skip48
\bibindent=\dimen138
)
(c:/texlive/2020/texmf-dist/tex/latex/base/inputenc.sty
Package: inputenc 2020/08/01 v1.3d Input encoding file
\inpenc@prehook=\toks15
\inpenc@posthook=\toks16
)
(c:/texlive/2020/texmf-dist/tex/latex/graphics/graphicx.sty
Package: graphicx 2020/09/09 v1.2b Enhanced LaTeX Graphics (DPC,SPQR)

(c:/texlive/2020/texmf-dist/tex/latex/graphics/keyval.sty
Package: keyval 2014/10/28 v1.15 key=value parser (DPC)
\KV@toks@=\toks17
)
(c:/texlive/2020/texmf-dist/tex/latex/graphics/graphics.sty
Package: graphics 2020/08/30 v1.4c Standard LaTeX Graphics (DPC,SPQR)

(c:/texlive/2020/texmf-dist/tex/latex/graphics/trig.sty
Package: trig 2016/01/03 v1.10 sin cos tan (DPC)
)
(c:/texlive/2020/texmf-dist/tex/latex/graphics-cfg/graphics.cfg
File: graphics.cfg 2016/06/04 v1.11 sample graphics configuration
)
Package graphics Info: Driver file: pdftex.def on input line 105.

(c:/texlive/2020/texmf-dist/tex/latex/graphics-def/pdftex.def
File: pdftex.def 2020/10/05 v1.2a Graphics/color driver for pdftex
))
\Gin@req@height=\dimen139
\Gin@req@width=\dimen140
)
(c:/texlive/2020/texmf-dist/tex/latex/geometry/geometry.sty
Package: geometry 2020/01/02 v5.9 Page Geometry

(c:/texlive/2020/texmf-dist/tex/generic/iftex/ifvtex.sty
Package: ifvtex 2019/10/25 v1.7 ifvtex legacy package. Use iftex instead.

(c:/texlive/2020/texmf-dist/tex/generic/iftex/iftex.sty
Package: iftex 2020/03/06 v1.0d TeX engine tests
))
\Gm@cnth=\count184
\Gm@cntv=\count185
\c@Gm@tempcnt=\count186
\Gm@bindingoffset=\dimen141
\Gm@wd@mp=\dimen142
\Gm@odd@mp=\dimen143
\Gm@even@mp=\dimen144
\Gm@layoutwidth=\dimen145
\Gm@layoutheight=\dimen146
\Gm@layouthoffset=\dimen147
\Gm@layoutvoffset=\dimen148
\Gm@dimlist=\toks18
)
(c:/texlive/2020/texmf-dist/tex/latex/fancyhdr/fancyhdr.sty
Package: fancyhdr 2019/01/31 v3.10 Extensive control of page headers and footer
s
\f@nch@headwidth=\skip49
\f@nch@O@elh=\skip50
\f@nch@O@erh=\skip51
\f@nch@O@olh=\skip52
\f@nch@O@orh=\skip53
\f@nch@O@elf=\skip54
\f@nch@O@erf=\skip55
\f@nch@O@olf=\skip56
\f@nch@O@orf=\skip57
)
(c:/texlive/2020/texmf-dist/tex/latex/hyperref/hyperref.sty
Package: hyperref 2020-05-15 v7.00e Hypertext links for LaTeX

(c:/texlive/2020/texmf-dist/tex/generic/ltxcmds/ltxcmds.sty
Package: ltxcmds 2020-05-10 v1.25 LaTeX kernel commands for general use (HO)
)
(c:/texlive/2020/texmf-dist/tex/generic/pdftexcmds/pdftexcmds.sty
Package: pdftexcmds 2020-06-27 v0.33 Utility functions of pdfTeX for LuaTeX (HO
)

(c:/texlive/2020/texmf-dist/tex/generic/infwarerr/infwarerr.sty
Package: infwarerr 2019/12/03 v1.5 Providing info/warning/error messages (HO)
)
Package pdftexcmds Info: \pdf@primitive is available.
Package pdftexcmds Info: \pdf@ifprimitive is available.
Package pdftexcmds Info: \pdfdraftmode found.
)
(c:/texlive/2020/texmf-dist/tex/generic/kvsetkeys/kvsetkeys.sty
Package: kvsetkeys 2019/12/15 v1.18 Key value parser (HO)
)
(c:/texlive/2020/texmf-dist/tex/generic/kvdefinekeys/kvdefinekeys.sty
Package: kvdefinekeys 2019-12-19 v1.6 Define keys (HO)
)
(c:/texlive/2020/texmf-dist/tex/generic/pdfescape/pdfescape.sty
Package: pdfescape 2019/12/09 v1.15 Implements pdfTeX's escape features (HO)
)
(c:/texlive/2020/texmf-dist/tex/latex/hycolor/hycolor.sty
Package: hycolor 2020-01-27 v1.10 Color options for hyperref/bookmark (HO)
)
(c:/texlive/2020/texmf-dist/tex/latex/letltxmacro/letltxmacro.sty
Package: letltxmacro 2019/12/03 v1.6 Let assignment for LaTeX macros (HO)
)
(c:/texlive/2020/texmf-dist/tex/latex/auxhook/auxhook.sty
Package: auxhook 2019-12-17 v1.6 Hooks for auxiliary files (HO)
)
(c:/texlive/2020/texmf-dist/tex/latex/kvoptions/kvoptions.sty
Package: kvoptions 2020-10-07 v3.14 Key value format for package options (HO)
)
\@linkdim=\dimen149
\Hy@linkcounter=\count187
\Hy@pagecounter=\count188

(c:/texlive/2020/texmf-dist/tex/latex/hyperref/pd1enc.def
File: pd1enc.def 2020-05-15 v7.00e Hyperref: PDFDocEncoding definition (HO)
Now handling font encoding PD1 ...
... no UTF-8 mapping file for font encoding PD1
)
(c:/texlive/2020/texmf-dist/tex/generic/intcalc/intcalc.sty
Package: intcalc 2019/12/15 v1.3 Expandable calculations with integers (HO)
)
(c:/texlive/2020/texmf-dist/tex/generic/etexcmds/etexcmds.sty
Package: etexcmds 2019/12/15 v1.7 Avoid name clashes with e-TeX commands (HO)
)
\Hy@SavedSpaceFactor=\count189
Package hyperref Info: Hyper figures OFF on input line 4464.
Package hyperref Info: Link nesting OFF on input line 4469.
Package hyperref Info: Hyper index ON on input line 4472.
Package hyperref Info: Plain pages OFF on input line 4479.
Package hyperref Info: Backreferencing OFF on input line 4484.
Package hyperref Info: Implicit mode ON; LaTeX internals redefined.
Package hyperref Info: Bookmarks ON on input line 4717.
\c@Hy@tempcnt=\count190

(c:/texlive/2020/texmf-dist/tex/latex/url/url.sty
\Urlmuskip=\muskip16
Package: url 2013/09/16  ver 3.4  Verb mode for urls, etc.
)
LaTeX Info: Redefining \url on input line 5076.
\XeTeXLinkMargin=\dimen150

(c:/texlive/2020/texmf-dist/tex/generic/bitset/bitset.sty
Package: bitset 2019/12/09 v1.3 Handle bit-vector datatype (HO)

(c:/texlive/2020/texmf-dist/tex/generic/bigintcalc/bigintcalc.sty
Package: bigintcalc 2019/12/15 v1.5 Expandable calculations on big integers (HO
)
))
\Fld@menulength=\count191
\Field@Width=\dimen151
\Fld@charsize=\dimen152
Package hyperref Info: Hyper figures OFF on input line 6347.
Package hyperref Info: Link nesting OFF on input line 6352.
Package hyperref Info: Hyper index ON on input line 6355.
Package hyperref Info: backreferencing OFF on input line 6362.
Package hyperref Info: Link coloring OFF on input line 6367.
Package hyperref Info: Link coloring with OCG OFF on input line 6372.
Package hyperref Info: PDF/A mode OFF on input line 6377.
LaTeX Info: Redefining \ref on input line 6417.
LaTeX Info: Redefining \pageref on input line 6421.

(c:/texlive/2020/texmf-dist/tex/latex/base/atbegshi-ltx.sty
Package: atbegshi-ltx 2020/08/17 v1.0a Emulation of the original atbegshi packa
ge
with kernel methods
)
\Hy@abspage=\count192
\c@Item=\count193
\c@Hfootnote=\count194
)
Package hyperref Info: Driver (autodetected): hpdftex.

(c:/texlive/2020/texmf-dist/tex/latex/hyperref/hpdftex.def
File: hpdftex.def 2020-05-15 v7.00e Hyperref driver for pdfTeX

(c:/texlive/2020/texmf-dist/tex/latex/base/atveryend-ltx.sty
Package: atveryend-ltx 2020/08/19 v1.0a Emulation of the original atvery packag
e
with kernel methods
)
\Fld@listcount=\count195
\c@bookmark@seq@number=\count196

(c:/texlive/2020/texmf-dist/tex/latex/rerunfilecheck/rerunfilecheck.sty
Package: rerunfilecheck 2019/12/05 v1.9 Rerun checks for auxiliary files (HO)

(c:/texlive/2020/texmf-dist/tex/generic/uniquecounter/uniquecounter.sty
Package: uniquecounter 2019/12/15 v1.4 Provide unlimited unique counter (HO)
)
Package uniquecounter Info: New unique counter `rerunfilecheck' on input line 2
86.
)
\Hy@SectionHShift=\skip58
)
Package hyperref Info: Option `colorlinks' set `true' on input line 20.

(c:/texlive/2020/texmf-dist/tex/latex/float/float.sty
Package: float 2001/11/08 v1.3d Float enhancements (AL)
\c@float@type=\count197
\float@exts=\toks19
\float@box=\box47
\@float@everytoks=\toks20
\@floatcapt=\box48
)
(c:/texlive/2020/texmf-dist/tex/latex/lstaddons/lstautogobble.sty
Package: lstautogobble 2012/05/03 v0.1 Implements 'autogobble' option for 'list
ings'

(c:/texlive/2020/texmf-dist/tex/latex/listings/listings.sty
\lst@mode=\count198
\lst@gtempboxa=\box49
\lst@token=\toks21
\lst@length=\count199
\lst@currlwidth=\dimen153
\lst@column=\count266
\lst@pos=\count267
\lst@lostspace=\dimen154
\lst@width=\dimen155
\lst@newlines=\count268
\lst@lineno=\count269
\lst@maxwidth=\dimen156

(c:/texlive/2020/texmf-dist/tex/latex/listings/lstmisc.sty
File: lstmisc.sty 2020/03/24 1.8d (Carsten Heinz)
\c@lstnumber=\count270
\lst@skipnumbers=\count271
\lst@framebox=\box50
)
(c:/texlive/2020/texmf-dist/tex/latex/listings/listings.cfg
File: listings.cfg 2020/03/24 1.8d listings configuration
))
Package: listings 2020/03/24 1.8d (Carsten Heinz)
\lstag@spacecount=\count272
)
(c:/texlive/2020/texmf-dist/tex/latex/tools/tabularx.sty
Package: tabularx 2020/01/15 v2.11c `tabularx' package (DPC)

(c:/texlive/2020/texmf-dist/tex/latex/tools/array.sty
Package: array 2020/10/01 v2.5c Tabular extension package (FMi)
\col@sep=\dimen157
\ar@mcellbox=\box51
\extrarowheight=\dimen158
\NC@list=\toks22
\extratabsurround=\skip59
\backup@length=\skip60
\ar@cellbox=\box52
)
\TX@col@width=\dimen159
\TX@old@table=\dimen160
\TX@old@col=\dimen161
\TX@target=\dimen162
\TX@delta=\dimen163
\TX@cols=\count273
\TX@ftn=\toks23
)
(c:/texlive/2020/texmf-dist/tex/latex/xcolor/xcolor.sty
Package: xcolor 2016/05/11 v2.12 LaTeX color extensions (UK)

(c:/texlive/2020/texmf-dist/tex/latex/graphics-cfg/color.cfg
File: color.cfg 2016/01/02 v1.6 sample color configuration
)
Package xcolor Info: Driver file: pdftex.def on input line 225.
Package xcolor Info: Model `cmy' substituted by `cmy0' on input line 1348.
Package xcolor Info: Model `hsb' substituted by `rgb' on input line 1352.
Package xcolor Info: Model `RGB' extended on input line 1364.
Package xcolor Info: Model `HTML' substituted by `rgb' on input line 1366.
Package xcolor Info: Model `Hsb' substituted by `hsb' on input line 1367.
Package xcolor Info: Model `tHsb' substituted by `hsb' on input line 1368.
Package xcolor Info: Model `HSB' substituted by `hsb' on input line 1369.
Package xcolor Info: Model `Gray' substituted by `gray' on input line 1370.
Package xcolor Info: Model `wave' substituted by `hsb' on input line 1371.
))
(c:/texlive/2020/texmf-dist/tex/latex/l3backend/l3backend-pdftex.def
File: l3backend-pdftex.def 2020-09-24 L3 backend support: PDF output (pdfTeX)
\l__kernel_color_stack_int=\count274
\l__pdf_internal_box=\box53
)
(./main.aux)
\openout1 = `main.aux'.

LaTeX Font Info:    Checking defaults for OML/cmm/m/it on input line 22.
LaTeX Font Info:    ... okay on input line 22.
LaTeX Font Info:    Checking defaults for OMS/cmsy/m/n on input line 22.
LaTeX Font Info:    ... okay on input line 22.
LaTeX Font Info:    Checking defaults for OT1/cmr/m/n on input line 22.
LaTeX Font Info:    ... okay on input line 22.
LaTeX Font Info:    Checking defaults for T1/cmr/m/n on input line 22.
LaTeX Font Info:    ... okay on input line 22.
LaTeX Font Info:    Checking defaults for TS1/cmr/m/n on input line 22.
LaTeX Font Info:    ... okay on input line 22.
LaTeX Font Info:    Checking defaults for OMX/cmex/m/n on input line 22.
LaTeX Font Info:    ... okay on input line 22.
LaTeX Font Info:    Checking defaults for U/cmr/m/n on input line 22.
LaTeX Font Info:    ... okay on input line 22.
LaTeX Font Info:    Checking defaults for PD1/pdf/m/n on input line 22.
LaTeX Font Info:    ... okay on input line 22.
 (c:/texlive/2020/texmf-dist/tex/context/base/mkii/supp-pdf.mkii
[Loading MPS to PDF converter (version 2006.09.02).]
\scratchcounter=\count275
\scratchdimen=\dimen164
\scratchbox=\box54
\nofMPsegments=\count276
\nofMParguments=\count277
\everyMPshowfont=\toks24
\MPscratchCnt=\count278
\MPscratchDim=\dimen165
\MPnumerator=\count279
\makeMPintoPDFobject=\count280
\everyMPtoPDFconversion=\toks25
) (c:/texlive/2020/texmf-dist/tex/latex/epstopdf-pkg/epstopdf-base.sty
Package: epstopdf-base 2020-01-24 v2.11 Base part for package epstopdf
Package epstopdf-base Info: Redefining graphics rule for `.eps' on input line 4
85.

(c:/texlive/2020/texmf-dist/tex/latex/latexconfig/epstopdf-sys.cfg
File: epstopdf-sys.cfg 2010/07/13 v1.3 Configuration of (r)epstopdf for TeX Liv
e
))
*geometry* driver: auto-detecting
*geometry* detected driver: pdftex
*geometry* verbose mode - [ preamble ] result:
* driver: pdftex
* paper: <default>
* layout: <same size as paper>
* layoutoffset:(h,v)=(0.0pt,0.0pt)
* modes: twoside 
* h-part:(L,W,R)=(73.71613pt, 430.00462pt, 110.57425pt)
* v-part:(T,H,B)=(95.39737pt, 556.47656pt, 143.09605pt)
* \paperwidth=614.295pt
* \paperheight=794.96999pt
* \textwidth=430.00462pt
* \textheight=556.47656pt
* \oddsidemargin=1.44614pt
* \evensidemargin=38.30426pt
* \topmargin=-13.87262pt
* \headheight=12.0pt
* \headsep=25.0pt
* \topskip=11.0pt
* \footskip=30.0pt
* \marginparwidth=113.0pt
* \marginparsep=10.0pt
* \columnsep=10.0pt
* \skip\footins=10.0pt plus 4.0pt minus 2.0pt
* \hoffset=0.0pt
* \voffset=0.0pt
* \mag=1000
* \@twocolumnfalse
* \@twosidetrue
* \@mparswitchtrue
* \@reversemarginfalse
* (1in=72.27pt=25.4mm, 1cm=28.453pt)

Package hyperref Info: Link coloring ON on input line 22.
(c:/texlive/2020/texmf-dist/tex/latex/hyperref/nameref.sty
Package: nameref 2019/09/16 v2.46 Cross-referencing by name of section

(c:/texlive/2020/texmf-dist/tex/latex/refcount/refcount.sty
Package: refcount 2019/12/15 v3.6 Data extraction from label references (HO)
)
(c:/texlive/2020/texmf-dist/tex/generic/gettitlestring/gettitlestring.sty
Package: gettitlestring 2019/12/15 v1.6 Cleanup title references (HO)
)
\c@section@level=\count281
)
LaTeX Info: Redefining \ref on input line 22.
LaTeX Info: Redefining \pageref on input line 22.
LaTeX Info: Redefining \nameref on input line 22.

(./main.out) (./main.out)
\@outlinefile=\write3
\openout3 = `main.out'.

\c@lstlisting=\count282
<images//chapter01/universitylogo.png, id=160, 289.08pt x 289.08pt>
File: images//chapter01/universitylogo.png Graphic file (type png)
<use images//chapter01/universitylogo.png>
Package pdftex.def Info: images//chapter01/universitylogo.png  used on input li
ne 25.
(pdftex.def)             Requested size: 144.54pt x 144.53964pt.
LaTeX Font Info:    External font `cmex10' loaded for size
(Font)              <12> on input line 25.
LaTeX Font Info:    External font `cmex10' loaded for size
(Font)              <8> on input line 25.
LaTeX Font Info:    External font `cmex10' loaded for size
(Font)              <6> on input line 25.
 [1

{c:/texlive/2020/texmf-var/fonts/map/pdftex/updmap/pdftex.map} <./images//chapt
er01/universitylogo.png>] [2

] [3

] [4

] (./main.toc
LaTeX Font Info:    External font `cmex10' loaded for size
(Font)              <10.95> on input line 3.

[5

])
\tf@toc=\write4
\openout4 = `main.toc'.



Package Fancyhdr Warning: \headheight is too small (12.0pt): 
Make it at least 13.59999pt.
We now make it that large for the rest of the document.
This may cause the page layout to be inconsistent, however.

[6]
Chapter 1.
(./chapters/introduction.tex) [7

]
Chapter 2.
(./chapters/chapter01.tex [8

]) [9]
Chapter 3.
(./chapters/chapter02.tex [10

]) [11]
Chapter 4.
(./chapters/beagleboneblack_truckcape_v4.tex
<images/beagleboneblack_truckcape_v4_images/BeagleboneTC.png, id=259, 490.83376
pt x 396.7322pt>
File: images/beagleboneblack_truckcape_v4_images/BeagleboneTC.png Graphic file 
(type png)
<use images/beagleboneblack_truckcape_v4_images/BeagleboneTC.png>
Package pdftex.def Info: images/beagleboneblack_truckcape_v4_images/BeagleboneT
C.png  used on input line 5.
(pdftex.def)             Requested size: 215.0023pt x 173.78178pt.
 [12

pdfTeX warning (ext4): destination with the same identifier (name{figure.4.1}) 
has been already used, duplicate ignored
<argument> ...shipout:D \box_use:N \l_shipout_box 
                                                  
l.13 
      <./images/beagleboneblack_truckcape_v4_images/BeagleboneTC.png>]
<images/beagleboneblack_truckcape_v4_images/TC-NoBBB.png, id=267, 2324.685pt x 
1269.24188pt>
File: images/beagleboneblack_truckcape_v4_images/TC-NoBBB.png Graphic file (typ
e png)
<use images/beagleboneblack_truckcape_v4_images/TC-NoBBB.png>
Package pdftex.def Info: images/beagleboneblack_truckcape_v4_images/TC-NoBBB.pn
g  used on input line 23.
(pdftex.def)             Requested size: 171.99922pt x 93.89143pt.
<images/beagleboneblack_truckcape_v4_images/TC-BBB.png, id=268, 2171.86406pt x 
1192.455pt>
File: images/beagleboneblack_truckcape_v4_images/TC-BBB.png Graphic file (type 
png)
<use images/beagleboneblack_truckcape_v4_images/TC-BBB.png>
Package pdftex.def Info: images/beagleboneblack_truckcape_v4_images/TC-BBB.png 
 used on input line 28.
(pdftex.def)             Requested size: 171.99922pt x 94.43399pt.
 [13pdfTeX warning (ext4): destination with the same identifier (name{figure.4.
2}) has been already used, duplicate ignored
<argument> ...shipout:D \box_use:N \l_shipout_box 
                                                  
l.42         \subsubsection
                           {PCB Assembly}pdfTeX warning (ext4): destination wit
h the same identifier (name{figure.4.3}) has been already used, duplicate ignor
ed
<argument> ...shipout:D \box_use:N \l_shipout_box 
                                                  
l.42         \subsubsection
                           {PCB Assembly} <./images/beagleboneblack_truckcape_v
4_images/TC-NoBBB.png> <./images/beagleboneblack_truckcape_v4_images/TC-BBB.png
>] [14]
<images/beagleboneblack_truckcape_v4_images/BeagleBoneFormatButton.png, id=299,
 255.20343pt x 402.00188pt>
File: images/beagleboneblack_truckcape_v4_images/BeagleBoneFormatButton.png Gra
phic file (type png)
<use images/beagleboneblack_truckcape_v4_images/BeagleBoneFormatButton.png>
Package pdftex.def Info: images/beagleboneblack_truckcape_v4_images/BeagleBoneF
ormatButton.png  used on input line 81.
(pdftex.def)             Requested size: 215.0023pt x 338.69138pt.
 [15]
Underfull \vbox (badness 10000) has occurred while \output is active []

 [16pdfTeX warning (ext4): destination with the same identifier (name{figure.4.
4}) has been already used, duplicate ignored
<argument> ...shipout:D \box_use:N \l_shipout_box 
                                                  
l.93 
      <./images/beagleboneblack_truckcape_v4_images/BeagleBoneFormatButton.png>
]
<images/beagleboneblack_truckcape_v4_images/PuttyWindow.png, id=327, 340.27126p
t x 332.74312pt>
File: images/beagleboneblack_truckcape_v4_images/PuttyWindow.png Graphic file (
type png)
<use images/beagleboneblack_truckcape_v4_images/PuttyWindow.png>
Package pdftex.def Info: images/beagleboneblack_truckcape_v4_images/PuttyWindow
.png  used on input line 125.
(pdftex.def)             Requested size: 215.0023pt x 210.2436pt.
 [17]
LaTeX Font Info:    Trying to load font information for OML+cmr on input line 1
29.
 (c:/texlive/2020/texmf-dist/tex/latex/base/omlcmr.fd
File: omlcmr.fd 2019/12/16 v2.5j Standard LaTeX font definitions
)
LaTeX Font Info:    Font shape `OML/cmr/m/n' in size <10.95> not available
(Font)              Font shape `OML/cmm/m/it' tried instead on input line 129.
<images/beagleboneblack_truckcape_v4_images/PuttySavedSession.png, id=347, 340.
27126pt x 332.74312pt>
File: images/beagleboneblack_truckcape_v4_images/PuttySavedSession.png Graphic 
file (type png)
<use images/beagleboneblack_truckcape_v4_images/PuttySavedSession.png>
Package pdftex.def Info: images/beagleboneblack_truckcape_v4_images/PuttySavedS
ession.png  used on input line 132.
(pdftex.def)             Requested size: 215.0023pt x 210.2436pt.


LaTeX Warning: `h' float specifier changed to `ht'.

<images/beagleboneblack_truckcape_v4_images/PuttySession.png, id=349, 497.60907
pt x 314.67563pt>
File: images/beagleboneblack_truckcape_v4_images/PuttySession.png Graphic file 
(type png)
<use images/beagleboneblack_truckcape_v4_images/PuttySession.png>
Package pdftex.def Info: images/beagleboneblack_truckcape_v4_images/PuttySessio
n.png  used on input line 150.
(pdftex.def)             Requested size: 215.0023pt x 135.96568pt.
[18pdfTeX warning (ext4): destination with the same identifier (name{figure.4.5
}) has been already used, duplicate ignored
<argument> ...shipout:D \box_use:N \l_shipout_box 
                                                  
l.154             \end{enumerate}
                                  <./images/beagleboneblack_truckcape_v4_images
/PuttyWindow.png>] [19pdfTeX warning (ext4): destination with the same identifi
er (name{figure.4.6}) has been already used, duplicate ignored
<argument> ...shipout:D \box_use:N \l_shipout_box 
                                                  
l.164                 \item S
                             tart WinSCP on the Windows ComputerpdfTeX warning 
(ext4): destination with the same identifier (name{figure.4.7}) has been alread
y used, duplicate ignored
<argument> ...shipout:D \box_use:N \l_shipout_box 
                                                  
l.164                 \item S
                             tart WinSCP on the Windows Computer <./images/beag
leboneblack_truckcape_v4_images/PuttySavedSession.png> <./images/beagleboneblac
k_truckcape_v4_images/PuttySession.png>]
<images/beagleboneblack_truckcape_v4_images/WinSCPcredentials.png, id=374, 471.
26062pt x 318.43968pt>
File: images/beagleboneblack_truckcape_v4_images/WinSCPcredentials.png Graphic 
file (type png)
<use images/beagleboneblack_truckcape_v4_images/WinSCPcredentials.png>
Package pdftex.def Info: images/beagleboneblack_truckcape_v4_images/WinSCPcrede
ntials.png  used on input line 168.
(pdftex.def)             Requested size: 215.0023pt x 145.28386pt.
<images/beagleboneblack_truckcape_v4_images/FileZillaCredentials.png, id=376, 8
92.83563pt x 709.90219pt>
File: images/beagleboneblack_truckcape_v4_images/FileZillaCredentials.png Graph
ic file (type png)
<use images/beagleboneblack_truckcape_v4_images/FileZillaCredentials.png>
Package pdftex.def Info: images/beagleboneblack_truckcape_v4_images/FileZillaCr
edentials.png  used on input line 184.
(pdftex.def)             Requested size: 215.0023pt x 170.94328pt.
 [20pdfTeX warning (ext4): destination with the same identifier (name{figure.4.
8}) has been already used, duplicate ignored
<argument> ...shipout:D \box_use:N \l_shipout_box 
                                                  
l.188                 \item O
                             ptional: If desired, save the credentials for q...
 <./images/beagleboneblack_truckcape_v4_images/WinSCPcredentials.png>] [21pdfTe
X warning (ext4): destination with the same identifier (name{figure.4.9}) has b
een already used, duplicate ignored
<argument> ...shipout:D \box_use:N \l_shipout_box 
                                                  
l.203         A
                Linux "root" user is a user with unlimited privileges. Root ...
 <./images/beagleboneblack_truckcape_v4_images/FileZillaCredentials.png>]
(c:/texlive/2020/texmf-dist/tex/latex/listings/lstlang1.sty
File: lstlang1.sty 2020/03/24 1.8d listings language file
)
(c:/texlive/2020/texmf-dist/tex/latex/listings/lstlang1.sty
File: lstlang1.sty 2020/03/24 1.8d listings language file
) [22]
LaTeX Font Info:    Trying to load font information for TS1+cmtt on input line 
260.

(c:/texlive/2020/texmf-dist/tex/latex/base/ts1cmtt.fd
File: ts1cmtt.fd 2019/12/16 v2.5j Standard LaTeX font definitions
) [23] [24] [25] [26]
[27] [28] (c:/texlive/2020/texmf-dist/tex/latex/listings/lstlang1.sty
File: lstlang1.sty 2020/03/24 1.8d listings language file
)
Package hyperref Info: bookmark level for unknown lstlisting defaults to 0 on i
nput line 520.

(./examplecode/beagleboneblack_truckcape_v4/SocketCAN-send.py) [29]
<images/beagleboneblack_truckcape_v4_images/CLionToolChainRemote.png, id=635, 7
36.25063pt x 525.46312pt>
File: images/beagleboneblack_truckcape_v4_images/CLionToolChainRemote.png Graph
ic file (type png)
<use images/beagleboneblack_truckcape_v4_images/CLionToolChainRemote.png>
Package pdftex.def Info: images/beagleboneblack_truckcape_v4_images/CLionToolCh
ainRemote.png  used on input line 546.
(pdftex.def)             Requested size: 215.0023pt x 153.44678pt.

Underfull \vbox (badness 1237) has occurred while \output is active []

 [30]
<images/beagleboneblack_truckcape_v4_images/ClionToolChainCredentialsButton.png
, id=649, 740.7675pt x 529.22719pt>
File: images/beagleboneblack_truckcape_v4_images/ClionToolChainCredentialsButto
n.png Graphic file (type png)
<use images/beagleboneblack_truckcape_v4_images/ClionToolChainCredentialsButton
.png>
Package pdftex.def Info: images/beagleboneblack_truckcape_v4_images/ClionToolCh
ainCredentialsButton.png  used on input line 553.
(pdftex.def)             Requested size: 215.0023pt x 153.60115pt.
<images/beagleboneblack_truckcape_v4_images/ClionToolChainCredentialsScreen.png
, id=651, 627.84563pt x 529.22719pt>
File: images/beagleboneblack_truckcape_v4_images/ClionToolChainCredentialsScree
n.png Graphic file (type png)
<use images/beagleboneblack_truckcape_v4_images/ClionToolChainCredentialsScreen
.png>
Package pdftex.def Info: images/beagleboneblack_truckcape_v4_images/ClionToolCh
ainCredentialsScreen.png  used on input line 560.
(pdftex.def)             Requested size: 215.0023pt x 181.22691pt.

Underfull \vbox (badness 10000) has occurred while \output is active []

 [31pdfTeX warning (ext4): destination with the same identifier (name{figure.4.
10}) has been already used, duplicate ignored
<argument> ...shipout:D \box_use:N \l_shipout_box 
                                                  
l.564                 \item T
                             est connection with the "Test Connection" butto...
pdfTeX warning (ext4): destination with the same identifier (name{figure.4.11})
 has been already used, duplicate ignored
<argument> ...shipout:D \box_use:N \l_shipout_box 
                                                  
l.564                 \item T
                             est connection with the "Test Connection" butto...
 <./images/beagleboneblack_truckcape_v4_images/CLionToolChainRemote.png> <./ima
ges/beagleboneblack_truckcape_v4_images/ClionToolChainCredentialsButton.png>]
Underfull \vbox (badness 5331) has occurred while \output is active []

 [32pdfTeX warning (ext4): destination with the same identifier (name{figure.4.
12}) has been already used, duplicate ignored
<argument> ...shipout:D \box_use:N \l_shipout_box 
                                                  
l.583         \subsubsection
                            {Remote Python Environment using Jupyter Notebook} 
<./images/beagleboneblack_truckcape_v4_images/ClionToolChainCredentialsScreen.p
ng>]
<images/beagleboneblack_truckcape_v4_images/PyCharmInterpreter.png, id=676, 740
.7675pt x 529.22719pt>
File: images/beagleboneblack_truckcape_v4_images/PyCharmInterpreter.png Graphic
 file (type png)
<use images/beagleboneblack_truckcape_v4_images/PyCharmInterpreter.png>
Package pdftex.def Info: images/beagleboneblack_truckcape_v4_images/PyCharmInte
rpreter.png  used on input line 591.
(pdftex.def)             Requested size: 215.0023pt x 153.60115pt.
<images/beagleboneblack_truckcape_v4_images/PycharmSSHInterpreterCredentials.pn
g, id=678, 625.58719pt x 429.85594pt>
File: images/beagleboneblack_truckcape_v4_images/PycharmSSHInterpreterCredentia
ls.png Graphic file (type png)
<use images/beagleboneblack_truckcape_v4_images/PycharmSSHInterpreterCredential
s.png>
Package pdftex.def Info: images/beagleboneblack_truckcape_v4_images/PycharmSSHI
nterpreterCredentials.png  used on input line 599.
(pdftex.def)             Requested size: 215.0023pt x 147.72981pt.
 [33pdfTeX warning (ext4): destination with the same identifier (name{figure.4.
13}) has been already used, duplicate ignored
<argument> ...shipout:D \box_use:N \l_shipout_box 
                                                  
l.603             \item C
                         ontinue the setup pages, entering credentials when ...
 <./images/beagleboneblack_truckcape_v4_images/PyCharmInterpreter.png>])
[34pdfTeX warning (ext4): destination with the same identifier (name{figure.4.1
4}) has been already used, duplicate ignored
<argument> ...shipout:D \box_use:N \l_shipout_box 
                                                  
l.48 \chapter
             {Introduction} <./images/beagleboneblack_truckcape_v4_images/Pycha
rmSSHInterpreterCredentials.png>]
Chapter 5.
(./chapters/conclusion.tex) [35

]
Appendix A.
(./chapters/appendix.tex) [36

] (./main.aux)
Package rerunfilecheck Info: File `main.out' has not changed.
(rerunfilecheck)             Checksum: F11AB99994DB8D3E1A723CC9D840F1CE;2711.
 ) 
Here is how much of TeX's memory you used:
 8973 strings out of 479917
 133997 string characters out of 5886664
 827046 words of memory out of 5000000
 25008 multiletter control sequences out of 15000+600000
 542402 words of font info for 54 fonts, out of 8000000 for 9000
 1141 hyphenation exceptions out of 8191
 64i,12n,68p,888b,1875s stack positions out of 5000i,500n,10000p,200000b,80000s
{c:/texlive/2020/texmf-dist/fonts/enc/dvips/cm-super/cm-super-ts1.enc}<c:/tex
live/2020/texmf-dist/fonts/type1/public/amsfonts/cm/cmbx10.pfb><c:/texlive/2020
/texmf-dist/fonts/type1/public/amsfonts/cm/cmbx12.pfb><c:/texlive/2020/texmf-di
st/fonts/type1/public/amsfonts/cm/cmmi10.pfb><c:/texlive/2020/texmf-dist/fonts/
type1/public/amsfonts/cm/cmr10.pfb><c:/texlive/2020/texmf-dist/fonts/type1/publ
ic/amsfonts/cm/cmr12.pfb><c:/texlive/2020/texmf-dist/fonts/type1/public/amsfont
s/cm/cmr17.pfb><c:/texlive/2020/texmf-dist/fonts/type1/public/amsfonts/cm/cmr6.
pfb><c:/texlive/2020/texmf-dist/fonts/type1/public/amsfonts/cm/cmtt9.pfb><c:/te
xlive/2020/texmf-dist/fonts/type1/public/cm-super/sftt0900.pfb>
Output written on main.pdf (36 pages, 21271542 bytes).
PDF statistics:
 824 PDF objects out of 1000 (max. 8388607)
 747 compressed objects within 8 object streams
 365 named destinations out of 1000 (max. 500000)
 388 words of extra memory for PDF output out of 10000 (max. 10000000)

