\BOOKMARK [0][-]{chapter.1}{Introduction}{}% 1
\BOOKMARK [0][-]{chapter.2}{Chapter One Title}{}% 2
\BOOKMARK [1][-]{section.2.1}{Chapter Subsection Title}{chapter.2}% 3
\BOOKMARK [1][-]{section.2.2}{Chapter Subsection Title}{chapter.2}% 4
\BOOKMARK [1][-]{section.2.3}{Chapter Subsection Title}{chapter.2}% 5
\BOOKMARK [0][-]{chapter.3}{Chapter Two Title}{}% 6
\BOOKMARK [1][-]{section.3.1}{Chapter Subsection Title}{chapter.3}% 7
\BOOKMARK [1][-]{section.3.2}{Chapter Subsection Title}{chapter.3}% 8
\BOOKMARK [1][-]{section.3.3}{Chapter Subsection Title}{chapter.3}% 9
\BOOKMARK [0][-]{chapter.4}{BeagleBone Black with Heavy Vehicle Truck Cape}{}% 10
\BOOKMARK [1][-]{section.4.1}{Device Hardware}{chapter.4}% 11
\BOOKMARK [2][-]{subsection.4.1.1}{BeagleBone Black}{section.4.1}% 12
\BOOKMARK [2][-]{subsection.4.1.2}{Truck Cape}{section.4.1}% 13
\BOOKMARK [2][-]{subsection.4.1.3}{Device Connections}{section.4.1}% 14
\BOOKMARK [2][-]{subsection.4.1.4}{Future Work}{section.4.1}% 15
\BOOKMARK [2][-]{subsection.4.1.5}{Device Assembly}{section.4.1}% 16
\BOOKMARK [1][-]{section.4.2}{Device Firmware}{chapter.4}% 17
\BOOKMARK [2][-]{subsection.4.2.1}{BootLoader}{section.4.2}% 18
\BOOKMARK [2][-]{subsection.4.2.2}{Operating System}{section.4.2}% 19
\BOOKMARK [2][-]{subsection.4.2.3}{Future Work}{section.4.2}% 20
\BOOKMARK [1][-]{section.4.3}{Embedded Linux Operating System: Installation, Basic Use, and Configuration}{chapter.4}% 21
\BOOKMARK [2][-]{subsection.4.3.1}{Base Installation}{section.4.3}% 22
\BOOKMARK [2][-]{subsection.4.3.2}{PC Necessary Software}{section.4.3}% 23
\BOOKMARK [2][-]{subsection.4.3.3}{Remote Connecting to the Beaglebone}{section.4.3}% 24
\BOOKMARK [2][-]{subsection.4.3.4}{File Transfer between Computer and BeagleBone}{section.4.3}% 25
\BOOKMARK [2][-]{subsection.4.3.5}{Linux Basics}{section.4.3}% 26
\BOOKMARK [2][-]{subsection.4.3.6}{Configuring Linux}{section.4.3}% 27
\BOOKMARK [1][-]{section.4.4}{CAN on BeagleBone}{chapter.4}% 28
\BOOKMARK [2][-]{subsection.4.4.1}{CAN Channels}{section.4.4}% 29
\BOOKMARK [2][-]{subsection.4.4.2}{Linux CAN-Utils}{section.4.4}% 30
\BOOKMARK [2][-]{subsection.4.4.3}{SocketCAN}{section.4.4}% 31
\BOOKMARK [1][-]{section.4.5}{J1708 Serial on BeagleBone}{chapter.4}% 32
\BOOKMARK [1][-]{section.4.6}{PLC on BeagleBone}{chapter.4}% 33
\BOOKMARK [1][-]{section.4.7}{Development Tool Chain}{chapter.4}% 34
\BOOKMARK [2][-]{subsection.4.7.1}{Cross Compiling in C}{section.4.7}% 35
\BOOKMARK [2][-]{subsection.4.7.2}{Remote Python Environment}{section.4.7}% 36
\BOOKMARK [1][-]{section.4.8}{Programmable Realtime Units \(PRU\)}{chapter.4}% 37
\BOOKMARK [0][-]{chapter.5}{Introduction}{}% 38
\BOOKMARK [0][-]{appendix.A}{Appendix Title}{}% 39
